<?xml version="1.0" ?>
<!DOCTYPE coverage SYSTEM 'http://cobertura.sourceforge.net/xml/coverage-04.dtd'>
<coverage line-rate="0.986" lines-covered="72" lines-valid="73" branch-rate="1.0" branches-covered="1.0" branches-rate="1.0" complexity="1.0" version="1.9" timestamp="1635698168">
	<sources>
		<source>/home/user/.opt/q9f/bip39.cr/src/</source>
	</sources>
	<packages>
		<package name="run_coverage" line-rate="0.986" lines-covered="72" lines-valid="73" branch-rate="1.0" complexity="1.0">
			<classes>
				<class name="util_cr" filename="util.cr" branch-rate="1.0" complexity="1.0" line-rate="1.000">
					<lines>
						<line number="25" hits="1"/>
						<line number="26" hits="1"/>
						<line number="27" hits="1"/>
						<line number="28" hits="1"/>
						<line number="30" hits="2"/>
						<line number="46" hits="1"/>
						<line number="47" hits="1"/>
						<line number="48" hits="1"/>
						<line number="49" hits="1"/>
						<line number="63" hits="3"/>
						<line number="64" hits="2"/>
						<line number="65" hits="2"/>
						<line number="79" hits="1"/>
						<line number="80" hits="1"/>
						<line number="81" hits="1"/>
						<line number="82" hits="1"/>
						<line number="96" hits="3"/>
						<line number="97" hits="2"/>
						<line number="98" hits="2"/>
					</lines>
				</class>
				<class name="bip39_cr" filename="bip39.cr" branch-rate="1.0" complexity="1.0" line-rate="0.981">
					<lines>
						<line number="54" hits="7"/>
						<line number="55" hits="3"/>
						<line number="56" hits="1"/>
						<line number="58" hits="2"/>
						<line number="59" hits="2"/>
						<line number="71" hits="3"/>
						<line number="72" hits="2"/>
						<line number="73" hits="1"/>
						<line number="75" hits="1"/>
						<line number="76" hits="1"/>
						<line number="89" hits="4"/>
						<line number="90" hits="2"/>
						<line number="91" hits="1"/>
						<line number="93" hits="1"/>
						<line number="94" hits="1"/>
						<line number="106" hits="3"/>
						<line number="107" hits="2"/>
						<line number="110" hits="1"/>
						<line number="113" hits="1"/>
						<line number="115" hits="1"/>
						<line number="118" hits="2"/>
						<line number="119" hits="1"/>
						<line number="123" hits="1"/>
						<line number="124" hits="1"/>
						<line number="125" hits="1"/>
						<line number="126" hits="1"/>
						<line number="129" hits="1"/>
						<line number="132" hits="1"/>
						<line number="133" hits="1"/>
						<line number="143" hits="2"/>
						<line number="145" hits="1"/>
						<line number="146" hits="1"/>
						<line number="149" hits="1"/>
						<line number="150" hits="1"/>
						<line number="154" hits="1"/>
						<line number="155" hits="1"/>
						<line number="156" hits="1"/>
						<line number="157" hits="1"/>
						<line number="158" hits="1"/>
						<line number="159" hits="0"/>
						<line number="164" hits="1"/>
						<line number="165" hits="1"/>
						<line number="167" hits="1"/>
						<line number="178" hits="2"/>
						<line number="179" hits="1"/>
						<line number="186" hits="1"/>
						<line number="187" hits="1"/>
						<line number="188" hits="1"/>
						<line number="189" hits="1"/>
						<line number="190" hits="1"/>
						<line number="197" hits="1"/>
						<line number="198" hits="1"/>
						<line number="199" hits="1"/>
						<line number="200" hits="1"/>
					</lines>
				</class>
			</classes>
		</package>
	</packages>
</coverage>
